<?xml version="1.0" encoding="UTF-8"?>
<!-- Generated by org.testng.reporters.JUnitReportReporter -->
<testsuite hostname="DESKTOP-6VG636I" failures="0" tests="1" name="com.inetbanking.testCases.TC_LoginTest_001" time="4.193" errors="0" timestamp="07 Mar 2021 15:22:52 GMT" skipped="0">
  <testcase classname="com.inetbanking.testCases.TC_LoginTest_001" name="loginTest" time="4.193"/>
</testsuite> <!-- com.inetbanking.testCases.TC_LoginTest_001 -->
